Invalid port. Exiting...
1613050643754	mozrunner::runner	INFO	Running command: "C:\\Program Files\\Mozilla Firefox\\firefox.exe" "-marionette" "-foreground" "-no-remote" "-profile" "C:\\Users\\GbitCorp\\AppData\\Local\\Temp\\rust_mozprofile3zIKOx"
JavaScript error: resource://gre/modules/XULStore.jsm, line 66: Error: Can't find profile directory.
console.warn: SearchSettings: "get: No settings file exists, new profile?" (new Error("", "(unknown module)"))
[Parent 12940, IPC I/O Parent] WARNING: file /builds/worker/checkouts/gecko/ipc/chromium/src/base/process_util_win.cc:167
[Parent 12940, IPC I/O Parent] WARNING: file /builds/worker/checkouts/gecko/ipc/chromium/src/base/process_util_win.cc:167
1613050676939	Marionette	INFO	Listening on port 65174
1613050678065	Marionette	WARN	TLS certificate errors will be ignored for this session
1613050678093	Marionette	ERROR	[18] No reply from Marionette:Register
console.warn: SearchSettings: "get: No settings file exists, new profile?" (new Error("", "(unknown module)"))
1613050680550	Marionette	INFO	Stopped listening on port 65174
JavaScript error: resource:///modules/FaviconLoader.jsm, line 596: InvalidStateError: JSWindowActorChild.sendAsyncMessage: JSWindowActorChild cannot send at the moment

###!!! [Child][RunMessage] Error: Channel closing: too late to send/recv, messages will be lost

Started InternetExplorerDriver server (64-bit)
3.150.1.0
Listening on port 0
Only local connections are allowed
Started InternetExplorerDriver server (64-bit)
3.150.1.0
Listening on port 0
Only local connections are allowed
Invalid port. Exiting...
Invalid port. Exiting...
